<?xml version="1.0" encoding="UTF-8"?>
<!-- Generated by org.testng.reporters.JUnitXMLReporter -->
<testsuite ignored="0" hostname="KALAI" failures="0" tests="13" name="Default test" time="558.164" errors="0" timestamp="2025-05-06T11:42:34 IST">
  <testcase classname="Online_Shopping_Test" name="addBillingAddrs" time="32.203"/>
  <testcase classname="Online_Shopping_Test" name="addProductToCartTest" time="23.356"/>
  <testcase classname="Online_Shopping_Test" name="addProductToWishList" time="21.639"/>
  <testcase classname="Online_Shopping_Test" name="addShippingAddrs" time="27.901"/>
  <testcase classname="Online_Shopping_Test" name="chckOutPrdctFrmCartAddFrmWishList" time="23.111"/>
  <testcase classname="Online_Shopping_Test" name="decreaseQtyOfPrdctInCart" time="26.356"/>
  <testcase classname="Online_Shopping_Test" name="increaseQtyOfPrdctInCart" time="26.427"/>
  <testcase classname="Online_Shopping_Test" name="removePrdctFrmWishlist" time="27.634"/>
  <testcase classname="Online_Shopping_Test" name="removeProductFromCart" time="27.562"/>
  <testcase classname="Online_Shopping_Test" name="searchForProduct" time="0.513"/>
  <testcase classname="Online_Shopping_Test" name="trackOrderUsingOrderId" time="2.77"/>
  <testcase classname="Online_Shopping_Test" name="updateUserName" time="8.642"/>
  <testcase classname="Online_Shopping_Test" name="viewOrderHistory" time="5.881"/>
</testsuite> <!-- Default test -->
