<?xml version="1.0" encoding="UTF-8"?>
<testng-results ignored="12" total="13" passed="1" failed="0" skipped="0">
  <reporter-output>
  </reporter-output>
  <suite started-at="2025-05-16T17:57:02 IST" name="Default suite" finished-at="2025-05-16T17:58:16 IST" duration-ms="74686">
    <groups>
    </groups>
    <test started-at="2025-05-16T17:57:02 IST" name="Default test" finished-at="2025-05-16T17:58:16 IST" duration-ms="74686">
      <class name="Online_Shopping_Test">
        <test-method is-config="true" signature="configBeforeSuite()[pri:0, instance:Online_Shopping_Test@6e509ffa]" started-at="2025-05-16T17:57:02 IST" name="configBeforeSuite" finished-at="2025-05-16T17:57:02 IST" duration-ms="18" status="PASS">
          <reporter-output>
          </reporter-output>
        </test-method> <!-- configBeforeSuite -->
        <test-method is-config="true" signature="configBeforeClass()[pri:0, instance:Online_Shopping_Test@6e509ffa]" started-at="2025-05-16T17:57:02 IST" name="configBeforeClass" finished-at="2025-05-16T17:57:06 IST" duration-ms="4555" status="PASS">
          <reporter-output>
          </reporter-output>
        </test-method> <!-- configBeforeClass -->
        <test-method is-config="true" signature="configBeforeMethod()[pri:0, instance:Online_Shopping_Test@6e509ffa]" started-at="2025-05-16T17:57:06 IST" name="configBeforeMethod" finished-at="2025-05-16T17:57:34 IST" duration-ms="27369" status="PASS">
          <reporter-output>
          </reporter-output>
        </test-method> <!-- configBeforeMethod -->
        <test-method signature="addProductToCartTest()[pri:0, instance:Online_Shopping_Test@6e509ffa]" started-at="2025-05-16T17:57:34 IST" name="addProductToCartTest" finished-at="2025-05-16T17:58:16 IST" duration-ms="41919" status="PASS">
          <reporter-output>
          </reporter-output>
        </test-method> <!-- addProductToCartTest -->
        <test-method is-config="true" signature="configAfterMethod()[pri:0, instance:Online_Shopping_Test@6e509ffa]" started-at="2025-05-16T17:58:16 IST" name="configAfterMethod" finished-at="2025-05-16T17:58:16 IST" duration-ms="450" status="PASS">
          <reporter-output>
          </reporter-output>
        </test-method> <!-- configAfterMethod -->
        <test-method is-config="true" signature="configAfterClass()[pri:0, instance:Online_Shopping_Test@6e509ffa]" started-at="2025-05-16T17:58:16 IST" name="configAfterClass" finished-at="2025-05-16T17:58:16 IST" duration-ms="317" status="PASS">
          <reporter-output>
          </reporter-output>
        </test-method> <!-- configAfterClass -->
        <test-method is-config="true" signature="configAfterSuite()[pri:0, instance:Online_Shopping_Test@6e509ffa]" started-at="2025-05-16T17:58:16 IST" name="configAfterSuite" finished-at="2025-05-16T17:58:17 IST" duration-ms="348" status="PASS">
          <reporter-output>
          </reporter-output>
        </test-method> <!-- configAfterSuite -->
      </class> <!-- Online_Shopping_Test -->
    </test> <!-- Default test -->
  </suite> <!-- Default suite -->
</testng-results>
