<?xml version="1.0" encoding="UTF-8"?>
<!-- Generated by org.testng.reporters.JUnitXMLReporter -->
<testsuite ignored="2" hostname="KALAI" failures="0" tests="2" name="Test" time="119.397" errors="0" timestamp="2025-04-21T16:18:52 IST">
  <testcase classname="online_shopping.AddBillingAddrs" name="addBillingAddrs" time="29.909"/>
  <testcase classname="online_shopping.AddShippingAddrs" name="addShippingAddrs" time="27.871"/>
  <testcase classname="com.online_shopping.ecom.generic.baseclass.BaseClass" name="@AfterSuite configAfterSuite" time="0.0">
    <ignored/>
  </testcase> <!-- @AfterSuite configAfterSuite -->
  <testcase classname="com.online_shopping.ecom.generic.baseclass.BaseClass" name="@BeforeSuite configBeforeSuite" time="0.0">
    <ignored/>
  </testcase> <!-- @BeforeSuite configBeforeSuite -->
</testsuite> <!-- Test -->
